<?xml version="1.0" encoding="UTF-8"?>
<!-- Generated by org.testng.reporters.JUnitReportReporter -->
<testsuite hostname="acer" failures="0" tests="1" name="testCases.NewUserTest" time="0.000" errors="0" timestamp="2023-04-07T08:28:33 IST" skipped="1">
  <testcase classname="testCases.NewUserTest" name="newUser" time="0.000">
    <skipped/>
  </testcase> <!-- newUser -->
  <system-out/>
</testsuite> <!-- testCases.NewUserTest -->
