<?xml version="1.0" encoding="UTF-8"?>
<!-- Generated by org.testng.reporters.JUnitReportReporter -->
<testsuite hostname="acer" failures="0" tests="1" name="testCases.ViewUsersTest" time="0.002" errors="0" timestamp="2023-04-07T08:28:33 IST" skipped="1">
  <testcase classname="testCases.ViewUsersTest" name="viewUsers" time="0.002">
    <skipped/>
  </testcase> <!-- viewUsers -->
  <system-out/>
</testsuite> <!-- testCases.ViewUsersTest -->
